2017-03-26 9:45:15 - MOD: Modification Default

FILE: system/engine/action.php
REGEX: ~(require|include)(_once)?\(([^)]+)~
LINE: 41

FILE: system/engine/loader.php
REGEX: ~(require|include)(_once)?\(([^)]+)~
LINE: 49
LINE: 108
LINE: 120
LINE: 165

FILE: system/library/config.php
REGEX: ~(require|include)(_once)?\(([^)]+)~
LINE: 23

FILE: system/library/language.php
REGEX: ~(require|include)(_once)?\(([^)]+)~
LINE: 38
LINE: 40
LINE: 49
LINE: 51
LINE: 60
LINE: 62

FILE: system/library/template/php.php
REGEX: ~(require|include)(_once)?\(([^)]+)~
LINE: 18

FILE: system/library/template/tiwg.php
REGEX: ~(require|include)(_once)?\(([^)]+)~
LINE: 24
----------------------------------------------------------------
MOD: Auto URL by WDM

FILE: admin/view/template/common/header.tpl
CODE: </head>
LINE: 35

FILE: admin/view/template/catalog/product_form.tpl
CODE: <?php foreach ($languages as $language) { ?>
LINE: 54
CODE: <?php echo $footer; ?>
LINE: 1449
CODE: name="product_description[<?php echo $language['language_id']; ?>][name]"
LINE: 64
CODE: id="input-meta-title<?php echo $language['language_id']; ?>" class="form-control"
LINE: 79
CODE: name="keyword"
LINE: 246

FILE: admin/view/template/catalog/category_form.tpl
CODE: <?php foreach ($languages as $language) { ?>
LINE: 46
CODE: <?php echo $footer; ?>
LINE: 338
CODE: name="category_description[<?php echo $language['language_id']; ?>][name]"
LINE: 56
CODE: id="input-meta-title<?php echo $language['language_id']; ?>" class="form-control"
LINE: 71
CODE: name="keyword"
LINE: 151

FILE: admin/controller/catalog/manufacturer.php
CODE: protected function getForm() {
LINE: 262

FILE: admin/view/template/catalog/manufacturer_form.tpl
CODE: <?php echo $column_left; ?>
LINE: 11
CODE: <?php echo $footer; ?>
LINE: 118
CODE: name="name"
LINE: 41
CODE: name="keyword"
LINE: 81

FILE: admin/view/template/catalog/information_form.tpl
CODE: <?php foreach ($languages as $language) { ?>
LINE: 46
CODE: <?php echo $footer; ?>
LINE: 250
CODE: name="information_description[<?php echo $language['language_id']; ?>][title]"
LINE: 56
CODE: id="input-meta-title<?php echo $language['language_id']; ?>" class="form-control"
LINE: 74
CODE: name="keyword"
LINE: 131
----------------------------------------------------------------
2017-03-26 9:45:16 - MOD: Modification Default

FILE: system/engine/action.php
REGEX: ~(require|include)(_once)?\(([^)]+)~
LINE: 41

FILE: system/engine/loader.php
REGEX: ~(require|include)(_once)?\(([^)]+)~
LINE: 49
LINE: 108
LINE: 120
LINE: 165

FILE: system/library/config.php
REGEX: ~(require|include)(_once)?\(([^)]+)~
LINE: 23

FILE: system/library/language.php
REGEX: ~(require|include)(_once)?\(([^)]+)~
LINE: 38
LINE: 40
LINE: 49
LINE: 51
LINE: 60
LINE: 62

FILE: system/library/template/php.php
REGEX: ~(require|include)(_once)?\(([^)]+)~
LINE: 18

FILE: system/library/template/tiwg.php
REGEX: ~(require|include)(_once)?\(([^)]+)~
LINE: 24
----------------------------------------------------------------
MOD: Auto URL by WDM

FILE: admin/view/template/common/header.tpl
CODE: </head>
LINE: 35

FILE: admin/view/template/catalog/product_form.tpl
CODE: <?php foreach ($languages as $language) { ?>
LINE: 54
CODE: <?php echo $footer; ?>
LINE: 1449
CODE: name="product_description[<?php echo $language['language_id']; ?>][name]"
LINE: 64
CODE: id="input-meta-title<?php echo $language['language_id']; ?>" class="form-control"
LINE: 79
CODE: name="keyword"
LINE: 246

FILE: admin/view/template/catalog/category_form.tpl
CODE: <?php foreach ($languages as $language) { ?>
LINE: 46
CODE: <?php echo $footer; ?>
LINE: 338
CODE: name="category_description[<?php echo $language['language_id']; ?>][name]"
LINE: 56
CODE: id="input-meta-title<?php echo $language['language_id']; ?>" class="form-control"
LINE: 71
CODE: name="keyword"
LINE: 151

FILE: admin/controller/catalog/manufacturer.php
CODE: protected function getForm() {
LINE: 262

FILE: admin/view/template/catalog/manufacturer_form.tpl
CODE: <?php echo $column_left; ?>
LINE: 11
CODE: <?php echo $footer; ?>
LINE: 118
CODE: name="name"
LINE: 41
CODE: name="keyword"
LINE: 81

FILE: admin/view/template/catalog/information_form.tpl
CODE: <?php foreach ($languages as $language) { ?>
LINE: 46
CODE: <?php echo $footer; ?>
LINE: 250
CODE: name="information_description[<?php echo $language['language_id']; ?>][title]"
LINE: 56
CODE: id="input-meta-title<?php echo $language['language_id']; ?>" class="form-control"
LINE: 74
CODE: name="keyword"
LINE: 131
----------------------------------------------------------------
2017-03-26 10:20:02 - MOD: Modification Default

FILE: system/engine/action.php
REGEX: ~(require|include)(_once)?\(([^)]+)~
LINE: 41

FILE: system/engine/loader.php
REGEX: ~(require|include)(_once)?\(([^)]+)~
LINE: 49
LINE: 108
LINE: 120
LINE: 165

FILE: system/library/config.php
REGEX: ~(require|include)(_once)?\(([^)]+)~
LINE: 23

FILE: system/library/language.php
REGEX: ~(require|include)(_once)?\(([^)]+)~
LINE: 38
LINE: 40
LINE: 49
LINE: 51
LINE: 60
LINE: 62

FILE: system/library/template/php.php
REGEX: ~(require|include)(_once)?\(([^)]+)~
LINE: 18

FILE: system/library/template/tiwg.php
REGEX: ~(require|include)(_once)?\(([^)]+)~
LINE: 24
----------------------------------------------------------------
MOD: Auto URL by WDM

FILE: admin/view/template/common/header.tpl
CODE: </head>
LINE: 35

FILE: admin/view/template/catalog/product_form.tpl
CODE: <?php foreach ($languages as $language) { ?>
LINE: 54
CODE: <?php echo $footer; ?>
LINE: 1449
CODE: name="product_description[<?php echo $language['language_id']; ?>][name]"
LINE: 64
CODE: id="input-meta-title<?php echo $language['language_id']; ?>" class="form-control"
LINE: 79
CODE: name="keyword"
LINE: 246

FILE: admin/view/template/catalog/category_form.tpl
CODE: <?php foreach ($languages as $language) { ?>
LINE: 46
CODE: <?php echo $footer; ?>
LINE: 338
CODE: name="category_description[<?php echo $language['language_id']; ?>][name]"
LINE: 56
CODE: id="input-meta-title<?php echo $language['language_id']; ?>" class="form-control"
LINE: 71
CODE: name="keyword"
LINE: 151

FILE: admin/controller/catalog/manufacturer.php
CODE: protected function getForm() {
LINE: 262

FILE: admin/view/template/catalog/manufacturer_form.tpl
CODE: <?php echo $column_left; ?>
LINE: 11
CODE: <?php echo $footer; ?>
LINE: 118
CODE: name="name"
LINE: 41
CODE: name="keyword"
LINE: 81

FILE: admin/view/template/catalog/information_form.tpl
CODE: <?php foreach ($languages as $language) { ?>
LINE: 46
CODE: <?php echo $footer; ?>
LINE: 250
CODE: name="information_description[<?php echo $language['language_id']; ?>][title]"
LINE: 56
CODE: id="input-meta-title<?php echo $language['language_id']; ?>" class="form-control"
LINE: 74
CODE: name="keyword"
LINE: 131
----------------------------------------------------------------
2017-03-28 0:05:59 - MOD: Modification Default

FILE: system/engine/action.php
REGEX: ~(require|include)(_once)?\(([^)]+)~
LINE: 41

FILE: system/engine/loader.php
REGEX: ~(require|include)(_once)?\(([^)]+)~
LINE: 49
LINE: 108
LINE: 120
LINE: 165

FILE: system/library/config.php
REGEX: ~(require|include)(_once)?\(([^)]+)~
LINE: 23

FILE: system/library/language.php
REGEX: ~(require|include)(_once)?\(([^)]+)~
LINE: 38
LINE: 40
LINE: 49
LINE: 51
LINE: 60
LINE: 62

FILE: system/library/template/php.php
REGEX: ~(require|include)(_once)?\(([^)]+)~
LINE: 18

FILE: system/library/template/tiwg.php
REGEX: ~(require|include)(_once)?\(([^)]+)~
LINE: 24
----------------------------------------------------------------
MOD: Auto URL by WDM

FILE: admin/view/template/common/header.tpl
CODE: </head>
LINE: 35

FILE: admin/view/template/catalog/product_form.tpl
CODE: <?php foreach ($languages as $language) { ?>
LINE: 54
CODE: <?php echo $footer; ?>
LINE: 1449
CODE: name="product_description[<?php echo $language['language_id']; ?>][name]"
LINE: 64
CODE: id="input-meta-title<?php echo $language['language_id']; ?>" class="form-control"
LINE: 79
CODE: name="keyword"
LINE: 246

FILE: admin/view/template/catalog/category_form.tpl
CODE: <?php foreach ($languages as $language) { ?>
LINE: 46
CODE: <?php echo $footer; ?>
LINE: 338
CODE: name="category_description[<?php echo $language['language_id']; ?>][name]"
LINE: 56
CODE: id="input-meta-title<?php echo $language['language_id']; ?>" class="form-control"
LINE: 71
CODE: name="keyword"
LINE: 151

FILE: admin/controller/catalog/manufacturer.php
CODE: protected function getForm() {
LINE: 262

FILE: admin/view/template/catalog/manufacturer_form.tpl
CODE: <?php echo $column_left; ?>
LINE: 11
CODE: <?php echo $footer; ?>
LINE: 118
CODE: name="name"
LINE: 41
CODE: name="keyword"
LINE: 81

FILE: admin/view/template/catalog/information_form.tpl
CODE: <?php foreach ($languages as $language) { ?>
LINE: 46
CODE: <?php echo $footer; ?>
LINE: 250
CODE: name="information_description[<?php echo $language['language_id']; ?>][title]"
LINE: 56
CODE: id="input-meta-title<?php echo $language['language_id']; ?>" class="form-control"
LINE: 74
CODE: name="keyword"
LINE: 131
----------------------------------------------------------------
MOD: Header Information

FILE: catalog/controller/common/header.php
CODE: $data['name'] = $this->config->get('config_name');
LINE: 51
----------------------------------------------------------------
2017-03-28 0:48:37 - MOD: Modification Default

FILE: system/engine/action.php
REGEX: ~(require|include)(_once)?\(([^)]+)~
LINE: 41

FILE: system/engine/loader.php
REGEX: ~(require|include)(_once)?\(([^)]+)~
LINE: 49
LINE: 108
LINE: 120
LINE: 165

FILE: system/library/config.php
REGEX: ~(require|include)(_once)?\(([^)]+)~
LINE: 23

FILE: system/library/language.php
REGEX: ~(require|include)(_once)?\(([^)]+)~
LINE: 38
LINE: 40
LINE: 49
LINE: 51
LINE: 60
LINE: 62

FILE: system/library/template/php.php
REGEX: ~(require|include)(_once)?\(([^)]+)~
LINE: 18

FILE: system/library/template/tiwg.php
REGEX: ~(require|include)(_once)?\(([^)]+)~
LINE: 24
----------------------------------------------------------------
MOD: Auto URL by WDM

FILE: admin/view/template/common/header.tpl
CODE: </head>
LINE: 35

FILE: admin/view/template/catalog/product_form.tpl
CODE: <?php foreach ($languages as $language) { ?>
LINE: 54
CODE: <?php echo $footer; ?>
LINE: 1449
CODE: name="product_description[<?php echo $language['language_id']; ?>][name]"
LINE: 64
CODE: id="input-meta-title<?php echo $language['language_id']; ?>" class="form-control"
LINE: 79
CODE: name="keyword"
LINE: 246

FILE: admin/view/template/catalog/category_form.tpl
CODE: <?php foreach ($languages as $language) { ?>
LINE: 46
CODE: <?php echo $footer; ?>
LINE: 338
CODE: name="category_description[<?php echo $language['language_id']; ?>][name]"
LINE: 56
CODE: id="input-meta-title<?php echo $language['language_id']; ?>" class="form-control"
LINE: 71
CODE: name="keyword"
LINE: 151

FILE: admin/controller/catalog/manufacturer.php
CODE: protected function getForm() {
LINE: 262

FILE: admin/view/template/catalog/manufacturer_form.tpl
CODE: <?php echo $column_left; ?>
LINE: 11
CODE: <?php echo $footer; ?>
LINE: 118
CODE: name="name"
LINE: 41
CODE: name="keyword"
LINE: 81

FILE: admin/view/template/catalog/information_form.tpl
CODE: <?php foreach ($languages as $language) { ?>
LINE: 46
CODE: <?php echo $footer; ?>
LINE: 250
CODE: name="information_description[<?php echo $language['language_id']; ?>][title]"
LINE: 56
CODE: id="input-meta-title<?php echo $language['language_id']; ?>" class="form-control"
LINE: 74
CODE: name="keyword"
LINE: 131
----------------------------------------------------------------
MOD: Header Information

FILE: catalog/controller/common/header.php
CODE: $data['name'] = $this->config->get('config_name');
LINE: 51
----------------------------------------------------------------
2017-03-28 0:48:39 - MOD: Modification Default

FILE: system/engine/action.php
REGEX: ~(require|include)(_once)?\(([^)]+)~
LINE: 41

FILE: system/engine/loader.php
REGEX: ~(require|include)(_once)?\(([^)]+)~
LINE: 49
LINE: 108
LINE: 120
LINE: 165

FILE: system/library/config.php
REGEX: ~(require|include)(_once)?\(([^)]+)~
LINE: 23

FILE: system/library/language.php
REGEX: ~(require|include)(_once)?\(([^)]+)~
LINE: 38
LINE: 40
LINE: 49
LINE: 51
LINE: 60
LINE: 62

FILE: system/library/template/php.php
REGEX: ~(require|include)(_once)?\(([^)]+)~
LINE: 18

FILE: system/library/template/tiwg.php
REGEX: ~(require|include)(_once)?\(([^)]+)~
LINE: 24
----------------------------------------------------------------
MOD: Auto URL by WDM

FILE: admin/view/template/common/header.tpl
CODE: </head>
LINE: 35

FILE: admin/view/template/catalog/product_form.tpl
CODE: <?php foreach ($languages as $language) { ?>
LINE: 54
CODE: <?php echo $footer; ?>
LINE: 1449
CODE: name="product_description[<?php echo $language['language_id']; ?>][name]"
LINE: 64
CODE: id="input-meta-title<?php echo $language['language_id']; ?>" class="form-control"
LINE: 79
CODE: name="keyword"
LINE: 246

FILE: admin/view/template/catalog/category_form.tpl
CODE: <?php foreach ($languages as $language) { ?>
LINE: 46
CODE: <?php echo $footer; ?>
LINE: 338
CODE: name="category_description[<?php echo $language['language_id']; ?>][name]"
LINE: 56
CODE: id="input-meta-title<?php echo $language['language_id']; ?>" class="form-control"
LINE: 71
CODE: name="keyword"
LINE: 151

FILE: admin/controller/catalog/manufacturer.php
CODE: protected function getForm() {
LINE: 262

FILE: admin/view/template/catalog/manufacturer_form.tpl
CODE: <?php echo $column_left; ?>
LINE: 11
CODE: <?php echo $footer; ?>
LINE: 118
CODE: name="name"
LINE: 41
CODE: name="keyword"
LINE: 81

FILE: admin/view/template/catalog/information_form.tpl
CODE: <?php foreach ($languages as $language) { ?>
LINE: 46
CODE: <?php echo $footer; ?>
LINE: 250
CODE: name="information_description[<?php echo $language['language_id']; ?>][title]"
LINE: 56
CODE: id="input-meta-title<?php echo $language['language_id']; ?>" class="form-control"
LINE: 74
CODE: name="keyword"
LINE: 131
----------------------------------------------------------------
MOD: Header Information

FILE: catalog/controller/common/header.php
CODE: $data['name'] = $this->config->get('config_name');
LINE: 51
----------------------------------------------------------------
2017-03-31 2:47:31 - MOD: Modification Default

FILE: system/engine/action.php
REGEX: ~(require|include)(_once)?\(([^)]+)~
LINE: 41

FILE: system/engine/loader.php
REGEX: ~(require|include)(_once)?\(([^)]+)~
LINE: 49
LINE: 108
LINE: 120
LINE: 165

FILE: system/library/config.php
REGEX: ~(require|include)(_once)?\(([^)]+)~
LINE: 23

FILE: system/library/language.php
REGEX: ~(require|include)(_once)?\(([^)]+)~
LINE: 38
LINE: 40
LINE: 49
LINE: 51
LINE: 60
LINE: 62

FILE: system/library/template/php.php
REGEX: ~(require|include)(_once)?\(([^)]+)~
LINE: 18

FILE: system/library/template/tiwg.php
REGEX: ~(require|include)(_once)?\(([^)]+)~
LINE: 24
----------------------------------------------------------------
MOD: Auto URL by WDM

FILE: admin/view/template/common/header.tpl
CODE: </head>
LINE: 35

FILE: admin/view/template/catalog/product_form.tpl
CODE: <?php foreach ($languages as $language) { ?>
LINE: 54
CODE: <?php echo $footer; ?>
LINE: 1449
CODE: name="product_description[<?php echo $language['language_id']; ?>][name]"
LINE: 64
CODE: id="input-meta-title<?php echo $language['language_id']; ?>" class="form-control"
LINE: 79
CODE: name="keyword"
LINE: 246

FILE: admin/view/template/catalog/category_form.tpl
CODE: <?php foreach ($languages as $language) { ?>
LINE: 46
CODE: <?php echo $footer; ?>
LINE: 338
CODE: name="category_description[<?php echo $language['language_id']; ?>][name]"
LINE: 56
CODE: id="input-meta-title<?php echo $language['language_id']; ?>" class="form-control"
LINE: 71
CODE: name="keyword"
LINE: 151

FILE: admin/controller/catalog/manufacturer.php
CODE: protected function getForm() {
LINE: 262

FILE: admin/view/template/catalog/manufacturer_form.tpl
CODE: <?php echo $column_left; ?>
LINE: 11
CODE: <?php echo $footer; ?>
LINE: 118
CODE: name="name"
LINE: 41
CODE: name="keyword"
LINE: 81

FILE: admin/view/template/catalog/information_form.tpl
CODE: <?php foreach ($languages as $language) { ?>
LINE: 46
CODE: <?php echo $footer; ?>
LINE: 250
CODE: name="information_description[<?php echo $language['language_id']; ?>][title]"
LINE: 56
CODE: id="input-meta-title<?php echo $language['language_id']; ?>" class="form-control"
LINE: 74
CODE: name="keyword"
LINE: 131
----------------------------------------------------------------
MOD: Footer Information

FILE: catalog/controller/common/footer.php
CODE: $this->load->language('common/footer');
LINE: 24
----------------------------------------------------------------
MOD: Header Information

FILE: catalog/controller/common/header.php
CODE: $data['name'] = $this->config->get('config_name');
LINE: 51
----------------------------------------------------------------
2017-03-31 2:47:33 - MOD: Modification Default

FILE: system/engine/action.php
REGEX: ~(require|include)(_once)?\(([^)]+)~
LINE: 41

FILE: system/engine/loader.php
REGEX: ~(require|include)(_once)?\(([^)]+)~
LINE: 49
LINE: 108
LINE: 120
LINE: 165

FILE: system/library/config.php
REGEX: ~(require|include)(_once)?\(([^)]+)~
LINE: 23

FILE: system/library/language.php
REGEX: ~(require|include)(_once)?\(([^)]+)~
LINE: 38
LINE: 40
LINE: 49
LINE: 51
LINE: 60
LINE: 62

FILE: system/library/template/php.php
REGEX: ~(require|include)(_once)?\(([^)]+)~
LINE: 18

FILE: system/library/template/tiwg.php
REGEX: ~(require|include)(_once)?\(([^)]+)~
LINE: 24
----------------------------------------------------------------
MOD: Auto URL by WDM

FILE: admin/view/template/common/header.tpl
CODE: </head>
LINE: 35

FILE: admin/view/template/catalog/product_form.tpl
CODE: <?php foreach ($languages as $language) { ?>
LINE: 54
CODE: <?php echo $footer; ?>
LINE: 1449
CODE: name="product_description[<?php echo $language['language_id']; ?>][name]"
LINE: 64
CODE: id="input-meta-title<?php echo $language['language_id']; ?>" class="form-control"
LINE: 79
CODE: name="keyword"
LINE: 246

FILE: admin/view/template/catalog/category_form.tpl
CODE: <?php foreach ($languages as $language) { ?>
LINE: 46
CODE: <?php echo $footer; ?>
LINE: 338
CODE: name="category_description[<?php echo $language['language_id']; ?>][name]"
LINE: 56
CODE: id="input-meta-title<?php echo $language['language_id']; ?>" class="form-control"
LINE: 71
CODE: name="keyword"
LINE: 151

FILE: admin/controller/catalog/manufacturer.php
CODE: protected function getForm() {
LINE: 262

FILE: admin/view/template/catalog/manufacturer_form.tpl
CODE: <?php echo $column_left; ?>
LINE: 11
CODE: <?php echo $footer; ?>
LINE: 118
CODE: name="name"
LINE: 41
CODE: name="keyword"
LINE: 81

FILE: admin/view/template/catalog/information_form.tpl
CODE: <?php foreach ($languages as $language) { ?>
LINE: 46
CODE: <?php echo $footer; ?>
LINE: 250
CODE: name="information_description[<?php echo $language['language_id']; ?>][title]"
LINE: 56
CODE: id="input-meta-title<?php echo $language['language_id']; ?>" class="form-control"
LINE: 74
CODE: name="keyword"
LINE: 131
----------------------------------------------------------------
MOD: Footer Information

FILE: catalog/controller/common/footer.php
CODE: $this->load->language('common/footer');
LINE: 24
----------------------------------------------------------------
MOD: Header Information

FILE: catalog/controller/common/header.php
CODE: $data['name'] = $this->config->get('config_name');
LINE: 51
----------------------------------------------------------------
2017-04-01 2:24:37 - MOD: Modification Default

FILE: system/engine/action.php
REGEX: ~(require|include)(_once)?\(([^)]+)~
LINE: 41

FILE: system/engine/loader.php
REGEX: ~(require|include)(_once)?\(([^)]+)~
LINE: 49
LINE: 108
LINE: 120
LINE: 165

FILE: system/library/config.php
REGEX: ~(require|include)(_once)?\(([^)]+)~
LINE: 23

FILE: system/library/language.php
REGEX: ~(require|include)(_once)?\(([^)]+)~
LINE: 38
LINE: 40
LINE: 49
LINE: 51
LINE: 60
LINE: 62

FILE: system/library/template/php.php
REGEX: ~(require|include)(_once)?\(([^)]+)~
LINE: 18

FILE: system/library/template/tiwg.php
REGEX: ~(require|include)(_once)?\(([^)]+)~
LINE: 24
----------------------------------------------------------------
MOD: Auto URL by WDM

FILE: admin/view/template/common/header.tpl
CODE: </head>
LINE: 35

FILE: admin/view/template/catalog/product_form.tpl
CODE: <?php foreach ($languages as $language) { ?>
LINE: 54
CODE: <?php echo $footer; ?>
LINE: 1449
CODE: name="product_description[<?php echo $language['language_id']; ?>][name]"
LINE: 64
CODE: id="input-meta-title<?php echo $language['language_id']; ?>" class="form-control"
LINE: 79
CODE: name="keyword"
LINE: 246

FILE: admin/view/template/catalog/category_form.tpl
CODE: <?php foreach ($languages as $language) { ?>
LINE: 46
CODE: <?php echo $footer; ?>
LINE: 338
CODE: name="category_description[<?php echo $language['language_id']; ?>][name]"
LINE: 56
CODE: id="input-meta-title<?php echo $language['language_id']; ?>" class="form-control"
LINE: 71
CODE: name="keyword"
LINE: 151

FILE: admin/controller/catalog/manufacturer.php
CODE: protected function getForm() {
LINE: 262

FILE: admin/view/template/catalog/manufacturer_form.tpl
CODE: <?php echo $column_left; ?>
LINE: 11
CODE: <?php echo $footer; ?>
LINE: 118
CODE: name="name"
LINE: 41
CODE: name="keyword"
LINE: 81

FILE: admin/view/template/catalog/information_form.tpl
CODE: <?php foreach ($languages as $language) { ?>
LINE: 46
CODE: <?php echo $footer; ?>
LINE: 250
CODE: name="information_description[<?php echo $language['language_id']; ?>][title]"
LINE: 56
CODE: id="input-meta-title<?php echo $language['language_id']; ?>" class="form-control"
LINE: 74
CODE: name="keyword"
LINE: 131
----------------------------------------------------------------
MOD: Disable Popup

FILE: catalog/controller/product/product.php
CODE: $this->document->addScript('catalog/view/javascript/jquery/magnific/jquery.magnific-popup.min.js');
LINE: 220
CODE: $this->document->addStyle('catalog/view/javascript/jquery/magnific/magnific-popup.css');
LINE: 223
----------------------------------------------------------------
MOD: Footer Information

FILE: catalog/controller/common/footer.php
CODE: $this->load->language('common/footer');
LINE: 24
----------------------------------------------------------------
MOD: Header Information

FILE: catalog/controller/common/header.php
CODE: $data['name'] = $this->config->get('config_name');
LINE: 51
----------------------------------------------------------------
